{"C:\\jest\\server\\controllers\\cartController.js": {"path":"C:\\jest\\server\\controllers\\cartController.js","statementMap":{"0":{"start":{"line":1,"column":13},"end":{"line":1,"column":38}},"1":{"start":{"line":4,"column":0},"end":{"line":14,"column":2}},"2":{"start":{"line":5,"column":72},"end":{"line":5,"column":80}},"3":{"start":{"line":6,"column":4},"end":{"line":13,"column":5}},"4":{"start":{"line":7,"column":24},"end":{"line":7,"column":93}},"5":{"start":{"line":8,"column":26},"end":{"line":8,"column":46}},"6":{"start":{"line":9,"column":8},"end":{"line":9,"column":40}},"7":{"start":{"line":11,"column":8},"end":{"line":11,"column":51}},"8":{"start":{"line":12,"column":8},"end":{"line":12,"column":58}},"9":{"start":{"line":18,"column":0},"end":{"line":26,"column":2}},"10":{"start":{"line":19,"column":4},"end":{"line":25,"column":5}},"11":{"start":{"line":20,"column":21},"end":{"line":20,"column":38}},"12":{"start":{"line":21,"column":8},"end":{"line":21,"column":35}},"13":{"start":{"line":23,"column":8},"end":{"line":23,"column":51}},"14":{"start":{"line":24,"column":8},"end":{"line":24,"column":58}},"15":{"start":{"line":29,"column":0},"end":{"line":40,"column":2}},"16":{"start":{"line":30,"column":4},"end":{"line":39,"column":5}},"17":{"start":{"line":31,"column":21},"end":{"line":31,"column":66}},"18":{"start":{"line":32,"column":8},"end":{"line":34,"column":9}},"19":{"start":{"line":33,"column":12},"end":{"line":33,"column":74}},"20":{"start":{"line":35,"column":8},"end":{"line":35,"column":35}},"21":{"start":{"line":37,"column":8},"end":{"line":37,"column":54}},"22":{"start":{"line":38,"column":8},"end":{"line":38,"column":58}},"23":{"start":{"line":43,"column":0},"end":{"line":59,"column":2}},"24":{"start":{"line":44,"column":72},"end":{"line":44,"column":80}},"25":{"start":{"line":45,"column":4},"end":{"line":58,"column":5}},"26":{"start":{"line":46,"column":28},"end":{"line":50,"column":9}},"27":{"start":{"line":51,"column":8},"end":{"line":53,"column":9}},"28":{"start":{"line":52,"column":12},"end":{"line":52,"column":74}},"29":{"start":{"line":54,"column":8},"end":{"line":54,"column":42}},"30":{"start":{"line":56,"column":8},"end":{"line":56,"column":54}},"31":{"start":{"line":57,"column":8},"end":{"line":57,"column":58}},"32":{"start":{"line":62,"column":0},"end":{"line":73,"column":2}},"33":{"start":{"line":63,"column":4},"end":{"line":72,"column":5}},"34":{"start":{"line":64,"column":21},"end":{"line":64,"column":75}},"35":{"start":{"line":65,"column":8},"end":{"line":67,"column":9}},"36":{"start":{"line":66,"column":12},"end":{"line":66,"column":74}},"37":{"start":{"line":68,"column":8},"end":{"line":68,"column":61}},"38":{"start":{"line":70,"column":8},"end":{"line":70,"column":54}},"39":{"start":{"line":71,"column":8},"end":{"line":71,"column":58}}},"fnMap":{"0":{"name":"(anonymous_0)","decl":{"start":{"line":4,"column":21},"end":{"line":4,"column":22}},"loc":{"start":{"line":4,"column":41},"end":{"line":14,"column":1}},"line":4},"1":{"name":"(anonymous_1)","decl":{"start":{"line":18,"column":19},"end":{"line":18,"column":20}},"loc":{"start":{"line":18,"column":39},"end":{"line":26,"column":1}},"line":18},"2":{"name":"(anonymous_2)","decl":{"start":{"line":29,"column":22},"end":{"line":29,"column":23}},"loc":{"start":{"line":29,"column":42},"end":{"line":40,"column":1}},"line":29},"3":{"name":"(anonymous_3)","decl":{"start":{"line":43,"column":21},"end":{"line":43,"column":22}},"loc":{"start":{"line":43,"column":41},"end":{"line":59,"column":1}},"line":43},"4":{"name":"(anonymous_4)","decl":{"start":{"line":62,"column":21},"end":{"line":62,"column":22}},"loc":{"start":{"line":62,"column":41},"end":{"line":73,"column":1}},"line":62}},"branchMap":{"0":{"loc":{"start":{"line":32,"column":8},"end":{"line":34,"column":9}},"type":"if","locations":[{"start":{"line":32,"column":8},"end":{"line":34,"column":9}},{"start":{},"end":{}}],"line":32},"1":{"loc":{"start":{"line":51,"column":8},"end":{"line":53,"column":9}},"type":"if","locations":[{"start":{"line":51,"column":8},"end":{"line":53,"column":9}},{"start":{},"end":{}}],"line":51},"2":{"loc":{"start":{"line":65,"column":8},"end":{"line":67,"column":9}},"type":"if","locations":[{"start":{"line":65,"column":8},"end":{"line":67,"column":9}},{"start":{},"end":{}}],"line":65}},"s":{"0":1,"1":1,"2":1,"3":1,"4":1,"5":1,"6":1,"7":0,"8":0,"9":1,"10":1,"11":1,"12":1,"13":0,"14":0,"15":1,"16":2,"17":2,"18":2,"19":1,"20":1,"21":0,"22":0,"23":1,"24":2,"25":2,"26":2,"27":2,"28":1,"29":1,"30":0,"31":0,"32":1,"33":2,"34":2,"35":2,"36":1,"37":1,"38":0,"39":0},"f":{"0":1,"1":1,"2":2,"3":2,"4":2},"b":{"0":[1,1],"1":[1,1],"2":[1,1]},"_coverageSchema":"1a1c01bbd47fc00a2c39e90264f33305004495a9","hash":"2588283b720000a37c2e00d64f6bf68882e44520"}
,"C:\\jest\\server\\models\\cart.js": {"path":"C:\\jest\\server\\models\\cart.js","statementMap":{"0":{"start":{"line":1,"column":17},"end":{"line":1,"column":36}},"1":{"start":{"line":2,"column":22},"end":{"line":2,"column":60}},"2":{"start":{"line":4,"column":19},"end":{"line":40,"column":6}},"3":{"start":{"line":43,"column":0},"end":{"line":43,"column":58}},"4":{"start":{"line":45,"column":13},"end":{"line":45,"column":47}},"5":{"start":{"line":47,"column":0},"end":{"line":47,"column":22}}},"fnMap":{},"branchMap":{},"s":{"0":1,"1":1,"2":1,"3":1,"4":1,"5":1},"f":{},"b":{},"_coverageSchema":"1a1c01bbd47fc00a2c39e90264f33305004495a9","hash":"d43f81c233ddcc47a9892a7d6fd36c2f9f31cf78"}
}
