TN:
SF:controllers\cartController.js
FN:4,(anonymous_0)
FN:18,(anonymous_1)
FN:29,(anonymous_2)
FN:43,(anonymous_3)
FN:62,(anonymous_4)
FNF:5
FNH:5
FNDA:1,(anonymous_0)
FNDA:1,(anonymous_1)
FNDA:2,(anonymous_2)
FNDA:2,(anonymous_3)
FNDA:2,(anonymous_4)
DA:1,1
DA:4,1
DA:5,1
DA:6,1
DA:7,1
DA:8,1
DA:9,1
DA:11,0
DA:12,0
DA:18,1
DA:19,1
DA:20,1
DA:21,1
DA:23,0
DA:24,0
DA:29,1
DA:30,2
DA:31,2
DA:32,2
DA:33,1
DA:35,1
DA:37,0
DA:38,0
DA:43,1
DA:44,2
DA:45,2
DA:46,2
DA:51,2
DA:52,1
DA:54,1
DA:56,0
DA:57,0
DA:62,1
DA:63,2
DA:64,2
DA:65,2
DA:66,1
DA:68,1
DA:70,0
DA:71,0
LF:40
LH:30
BRDA:32,0,0,1
BRDA:32,0,1,1
BRDA:51,1,0,1
BRDA:51,1,1,1
BRDA:65,2,0,1
BRDA:65,2,1,1
BRF:6
BRH:6
end_of_record
TN:
SF:models\cart.js
FNF:0
FNH:0
DA:1,1
DA:2,1
DA:4,1
DA:43,1
DA:45,1
DA:47,1
LF:6
LH:6
BRF:0
BRH:0
end_of_record
